read file: ./data/soccer_2014-10-01_2014-11-01.xml
read file: ./data/soccer_2014-10-01_2014-11-01.xml
read file: ./data/soccer_2014-10-01_2014-11-01.xml
read file: ./data/soccer_2014-10-01_2014-11-01.xml
read file: ./data/soccer_2014-10-01_2014-11-01.xml
read file: ./data/soccer_2014-10-01_2014-11-01.xml
Download: http://www.xmlsoccer.com/FootballData.asmx/GetFixturesByDateInterval?ApiKey=LRYQFUEHQVXKSMGFVVJQEHUOFNJHOCSQUQQQCDVSDNRTHLAHNQ&startDateString=2014-10-02&endDateString=2014-11-02
Download: http://www.xmlsoccer.com/FootballData.asmx/GetFixturesByDateInterval?ApiKey=LRYQFUEHQVXKSMGFVVJQEHUOFNJHOCSQUQQQCDVSDNRTHLAHNQ&startDateString=2014-10-02&endDateString=2014-11-02

Process 1146match(s)read file: ./data/soccer_2014-10-02_2014-11-02.xml

Process 1146match(s)read file: ./data/soccer_2014-10-02_2014-11-02.xml

Process 1146match(s)read file: ./data/soccer_2014-10-02_2014-11-02.xml

Process 1146match(s)read file: ./data/soccer_2014-10-02_2014-11-02.xml

Process 1146match(s)read file: ./data/soccer_2014-10-02_2014-11-02.xml

Process 1146match(s)read file: ./data/soccer_2014-10-02_2014-11-02.xml

Process 1146match(s)read file: ./data/soccer_2014-10-02_2014-11-02.xml

Process 1146match(s)read file: ./data/soccer_2014-10-02_2014-11-02.xml

Process 1146match(s)read file: ./data/soccer_2014-10-02_2014-11-02.xml

Process 1146match(s)read file: ./data/soccer_2014-10-02_2014-11-02.xml

Process 1146match(s)read file: ./data/soccer_2014-10-02_2014-11-02.xml

Process 1146match(s)read file: ./data/soccer_2014-10-02_2014-11-02.xml

Process 1146match(s)read file: ./data/soccer_2014-10-02_2014-11-02.xml

Process 1146match(s)read file: ./data/soccer_2014-10-02_2014-11-02.xml

Process 1146match(s)read file: ./data/soccer_2014-10-02_2014-11-02.xml

Process 1146match(s)read file: ./data/soccer_2014-10-02_2014-11-02.xml

Process 1146match(s)read file: ./data/soccer_2014-10-02_2014-11-02.xml

Process 1146match(s)read file: ./data/soccer_2014-10-02_2014-11-02.xml

Process 1146match(s)read file: ./data/soccer_2014-10-02_2014-11-02.xml

Process 1146match(s)read file: ./data/soccer_2014-10-02_2014-11-02.xml

Process 1146match(s)read file: ./data/soccer_2014-10-02_2014-11-02.xml

Process 1146match(s)read file: ./data/soccer_2014-10-02_2014-11-02.xml

Process 1146match(s)Download: http://www.xmlsoccer.com/FootballData.asmx/GetFixturesByDateInterval?ApiKey=LRYQFUEHQVXKSMGFVVJQEHUOFNJHOCSQUQQQCDVSDNRTHLAHNQ&startDateString=2014-10-03&endDateString=2014-11-03
Download: http://www.xmlsoccer.com/FootballData.asmx/GetFixturesByDateInterval?ApiKey=LRYQFUEHQVXKSMGFVVJQEHUOFNJHOCSQUQQQCDVSDNRTHLAHNQ&startDateString=2014-10-03&endDateString=2014-11-03
Download: http://www.xmlsoccer.com/FootballData.asmx/GetFixturesByDateInterval?ApiKey=LRYQFUEHQVXKSMGFVVJQEHUOFNJHOCSQUQQQCDVSDNRTHLAHNQ&startDateString=2014-10-03&endDateString=2014-11-03

Process 1210match(s)read file: ./data/soccer_2014-10-03_2014-11-03.xml

Process 1210match(s)read file: ./data/soccer_2014-10-03_2014-11-03.xml

Process 1210match(s)read file: ./data/soccer_2014-10-03_2014-11-03.xml

Process 1210match(s)read file: ./data/soccer_2014-10-03_2014-11-03.xml

Process 1210match(s)read file: ./data/soccer_2014-10-03_2014-11-03.xml

Process 1210match(s)read file: ./data/soccer_2014-10-03_2014-11-03.xml

Process 1210match(s)read file: ./data/soccer_2014-10-03_2014-11-03.xml

Process 1210match(s)read file: ./data/soccer_2014-10-03_2014-11-03.xml

Process 1210match(s)read file: ./data/soccer_2014-10-03_2014-11-03.xml

Process 1210match(s)read file: ./data/soccer_2014-10-03_2014-11-03.xml

Process 1210match(s)read file: ./data/soccer_2014-10-03_2014-11-03.xml

Process 1210match(s)read file: ./data/soccer_2014-10-03_2014-11-03.xml

Process 1210match(s)read file: ./data/soccer_2014-10-03_2014-11-03.xml

Process 1210match(s)read file: ./data/soccer_2014-10-03_2014-11-03.xml

Process 1210match(s)read file: ./data/soccer_2014-10-03_2014-11-03.xml

Process 1210match(s)read file: ./data/soccer_2014-10-03_2014-11-03.xml

Process 1210match(s)Download: http://www.xmlsoccer.com/FootballData.asmx/GetFixturesByDateInterval?ApiKey=LRYQFUEHQVXKSMGFVVJQEHUOFNJHOCSQUQQQCDVSDNRTHLAHNQ&startDateString=2014-10-05&endDateString=2014-11-05
Download: http://www.xmlsoccer.com/FootballData.asmx/GetFixturesByDateInterval?ApiKey=LRYQFUEHQVXKSMGFVVJQEHUOFNJHOCSQUQQQCDVSDNRTHLAHNQ&startDateString=2014-10-05&endDateString=2014-11-05
Download: http://www.xmlsoccer.com/FootballData.asmx/GetFixturesByDateInterval?ApiKey=LRYQFUEHQVXKSMGFVVJQEHUOFNJHOCSQUQQQCDVSDNRTHLAHNQ&startDateString=2014-10-05&endDateString=2014-11-05

Process 1088match(s)read file: ./data/soccer_2014-10-05_2014-11-05.xml

Process 1088match(s)